time="2025-10-18T11:02:07+08:00" level=info msg="Starting Blog Backend Application"
time="2025-10-18T11:02:07+08:00" level=info msg="Database migration completed!"
time="2025-10-18T11:02:49+08:00" level=info msg="Starting Blog Backend Application"
time="2025-10-18T11:02:49+08:00" level=info msg="Database migration completed!"
time="2025-10-18T11:02:49+08:00" level=fatal msg="Failed to start server" error="listen tcp 127.0.0.1:8080: bind: Only one usage of each socket address (protocol/network address/port) is normally permitted."
time="2025-10-18T11:17:04+08:00" level=info msg="Starting Blog Backend Application"
time="2025-10-18T11:17:04+08:00" level=info msg="Database migration completed!"
time="2025-10-18T11:57:32+08:00" level=info msg="Starting Blog Backend Application"
time="2025-10-18T11:57:32+08:00" level=info msg="Database migration completed!"
time="2025-10-18T11:57:32+08:00" level=fatal msg="Failed to start server" error="listen tcp 127.0.0.1:8080: bind: Only one usage of each socket address (protocol/network address/port) is normally permitted."
time="2025-10-18T12:00:22+08:00" level=info msg="Starting Blog Backend Application"
time="2025-10-18T12:00:22+08:00" level=info msg="Database migration completed!"
time="2025-10-18T12:03:41+08:00" level=info msg="Starting Blog Backend Application"
time="2025-10-18T12:03:41+08:00" level=info msg="Database migration completed!"
time="2025-10-18T12:08:28+08:00" level=error msg="Failed to insert user into database" email=testuser@example.com error="Error 1062 (23000): Duplicate entry 'testuser' for key 'users.idx_users_username'" password= username=testuser
time="2025-10-18T12:08:28+08:00" level=error msg="用户注册失败Error 1062 (23000): Duplicate entry 'testuser' for key 'users.idx_users_username'"
time="2025-10-18T12:10:05+08:00" level=error msg="Failed to insert user into database" email=testuser@example.com error="Error 1062 (23000): Duplicate entry 'testuser' for key 'users.idx_users_username'" password= username=testuser
time="2025-10-18T12:10:05+08:00" level=error msg="用户注册失败Error 1062 (23000): Duplicate entry 'testuser' for key 'users.idx_users_username'"
time="2025-10-18T12:11:33+08:00" level=error msg="Failed to insert user into database" email=testuser@example.com error="Error 1062 (23000): Duplicate entry 'testuser' for key 'users.idx_users_username'" password= username=testuser
time="2025-10-18T12:11:33+08:00" level=error msg="用户注册失败Error 1062 (23000): Duplicate entry 'testuser' for key 'users.idx_users_username'"
time="2025-10-18T12:15:50+08:00" level=error msg="Failed to insert user into database" email=testuser@example.com error="Error 1062 (23000): Duplicate entry 'testuser' for key 'users.idx_users_username'" password= username=testuser
time="2025-10-18T12:15:50+08:00" level=error msg="用户注册失败Error 1062 (23000): Duplicate entry 'testuser' for key 'users.idx_users_username'"
time="2025-10-18T12:16:10+08:00" level=error msg="Failed to insert user into database" email=testuser@example.com error="Error 1062 (23000): Duplicate entry 'testuser@example.com' for key 'users.idx_users_email'" password= username=testuser
time="2025-10-18T12:16:10+08:00" level=error msg="用户注册失败Error 1062 (23000): Duplicate entry 'testuser@example.com' for key 'users.idx_users_email'"
time="2025-10-18T12:17:27+08:00" level=error msg="Failed to insert user into database" email=testuser@example.com error="Error 1062 (23000): Duplicate entry 'testuser' for key 'users.idx_users_username'" password= username=testuser
time="2025-10-18T12:17:27+08:00" level=error msg="用户注册失败Error 1062 (23000): Duplicate entry 'testuser' for key 'users.idx_users_username'"
time="2025-10-18T12:17:59+08:00" level=error msg="Failed to insert user into database" email=testuser@example.com error="Error 1062 (23000): Duplicate entry 'testuser' for key 'users.idx_users_username'" password= username=testuser
time="2025-10-18T12:17:59+08:00" level=error msg="用户注册失败Error 1062 (23000): Duplicate entry 'testuser' for key 'users.idx_users_username'"
time="2025-10-18T12:19:16+08:00" level=info msg="Starting Blog Backend Application"
time="2025-10-18T12:19:16+08:00" level=info msg="Database migration completed!"
time="2025-10-18T12:29:42+08:00" level=error msg="Failed to insert user into database" email=testuser@example.com error="Error 1062 (23000): Duplicate entry 'testuser' for key 'users.idx_users_username'" password=securepassword123 username=testuser
time="2025-10-18T12:29:42+08:00" level=error msg="用户注册失败Error 1062 (23000): Duplicate entry 'testuser' for key 'users.idx_users_username'"
time="2025-10-18T12:49:04+08:00" level=info msg="Starting Blog Backend Application"
time="2025-10-18T12:49:04+08:00" level=info msg="Database migration completed!"
time="2025-10-18T12:49:45+08:00" level=info msg="Starting Blog Backend Application"
time="2025-10-18T12:49:45+08:00" level=info msg="Database migration completed!"
time="2025-10-18T12:58:19+08:00" level=info msg="Starting Blog Backend Application"
time="2025-10-18T12:58:19+08:00" level=info msg="Database migration completed!"
time="2025-10-18T13:02:10+08:00" level=info msg="Starting Blog Backend Application"
time="2025-10-18T13:02:10+08:00" level=info msg="Database migration completed!"
time="2025-10-18T13:03:11+08:00" level=info msg="Starting Blog Backend Application"
time="2025-10-18T13:03:12+08:00" level=info msg="Database migration completed!"
time="2025-10-18T13:05:00+08:00" level=info msg="Starting Blog Backend Application"
time="2025-10-18T13:05:00+08:00" level=info msg="Database migration completed!"
time="2025-10-18T13:06:28+08:00" level=info msg="Starting Blog Backend Application"
time="2025-10-18T13:06:28+08:00" level=info msg="Database migration completed!"
time="2025-10-18T13:12:04+08:00" level=info msg="Starting Blog Backend Application"
time="2025-10-18T13:12:04+08:00" level=info msg="Database migration completed!"
time="2025-10-18T13:12:11+08:00" level=info msg="用户登录成功: tang"
time="2025-10-18T13:30:34+08:00" level=info msg="Starting Blog Backend Application"
time="2025-10-18T13:30:34+08:00" level=info msg="Database migration completed!"
time="2025-10-18T13:30:46+08:00" level=info msg="用户登录成功: tang"
time="2025-10-18T13:30:56+08:00" level=debug msg="Inserting post into database" title="My First Blog Post" userID=1
time="2025-10-18T13:30:56+08:00" level=info msg="Successfully inserted post into database" postID=4 title="My First Blog Post" userID=1
time="2025-10-18T13:30:59+08:00" level=debug msg="Inserting post into database" title="My First Blog Post" userID=1
time="2025-10-18T13:30:59+08:00" level=info msg="Successfully inserted post into database" postID=5 title="My First Blog Post" userID=1
time="2025-10-18T13:31:48+08:00" level=info msg="Starting Blog Backend Application"
time="2025-10-18T13:31:48+08:00" level=info msg="Database migration completed!"
time="2025-10-18T13:33:56+08:00" level=debug msg="Inserting post into database" title="My First Blog Post" userID=1
time="2025-10-18T13:33:56+08:00" level=info msg="Successfully inserted post into database" postID=6 title="My First Blog Post" userID=1
time="2025-10-18T15:02:44+08:00" level=info msg="Starting Blog Backend Application"
time="2025-10-18T15:02:44+08:00" level=info msg="Database migration completed!"
time="2025-10-18T15:03:22+08:00" level=info msg="用户登录成功: testuser"
time="2025-10-18T15:03:41+08:00" level=debug msg="Inserting post into database" title="My First Blog Post" userID=1
time="2025-10-18T15:03:41+08:00" level=error msg="Failed to insert post into database" error="Error 1452 (23000): Cannot add or update a child row: a foreign key constraint fails (`blog`.`posts`, CONSTRAINT `fk_posts_user` FOREIGN KEY (`user_id`) REFERENCES `users` (`id`))" title="My First Blog Post" userID=1
time="2025-10-18T15:05:46+08:00" level=info msg="Starting Blog Backend Application"
time="2025-10-18T15:05:46+08:00" level=info msg="Database migration completed!"
time="2025-10-18T15:05:50+08:00" level=debug msg="Inserting post into database" title="My First Blog Post" userID=12
time="2025-10-18T15:05:50+08:00" level=info msg="Successfully inserted post into database" postID=8 title="My First Blog Post" userID=12
time="2025-10-18T15:08:12+08:00" level=debug msg="Inserting post into database" title="My First Blog2 Post" userID=12
time="2025-10-18T15:08:12+08:00" level=info msg="Successfully inserted post into database" postID=9 title="My First Blog2 Post" userID=12
time="2025-10-18T15:10:32+08:00" level=info msg="Starting Blog Backend Application"
time="2025-10-18T15:10:32+08:00" level=info msg="Database migration completed!"
time="2025-10-18T15:11:32+08:00" level=info msg="Starting Blog Backend Application"
time="2025-10-18T15:11:32+08:00" level=info msg="Database migration completed!"
time="2025-10-18T15:11:44+08:00" level=error msg="获取用户信息失败: 获取用户信息错误"
time="2025-10-18T15:12:09+08:00" level=error msg="获取用户信息失败: 获取用户信息错误"
time="2025-10-18T15:12:12+08:00" level=info msg="用户登录成功: testuser"
time="2025-10-18T15:12:28+08:00" level=error msg="获取用户信息失败: 获取用户信息错误"
time="2025-10-18T15:15:12+08:00" level=info msg="Starting Blog Backend Application"
time="2025-10-18T15:15:12+08:00" level=info msg="Database migration completed!"
time="2025-10-18T15:18:18+08:00" level=info msg="Starting Blog Backend Application"
time="2025-10-18T15:18:19+08:00" level=info msg="Database migration completed!"
time="2025-10-18T15:22:19+08:00" level=error msg="JSON参数错误: Key: 'Comment.Post.Title' Error:Field validation for 'Title' failed on the 'required' tag\nKey: 'Comment.Post.Content' Error:Field validation for 'Content' failed on the 'required' tag\nKey: 'Comment.Post.UserID' Error:Field validation for 'UserID' failed on the 'required' tag"
time="2025-10-18T15:26:36+08:00" level=info msg="Starting Blog Backend Application"
time="2025-10-18T15:26:36+08:00" level=info msg="Database migration completed!"
time="2025-10-18T15:28:30+08:00" level=error msg="参数错误: Key: 'CommentDeleteRequest.Id' Error:Field validation for 'Id' failed on the 'required' tag"
time="2025-10-18T15:30:13+08:00" level=info msg="Starting Blog Backend Application"
time="2025-10-18T15:30:13+08:00" level=info msg="Database migration completed!"
time="2025-10-18T15:33:36+08:00" level=info msg="Starting Blog Backend Application"
time="2025-10-18T15:33:36+08:00" level=info msg="Database migration completed!"
time="2025-10-18T15:33:39+08:00" level=error msg="删除评论失败: comment not found or you don't have permission to delete it"
time="2025-10-18T15:35:59+08:00" level=info msg="Starting Blog Backend Application"
time="2025-10-18T15:35:59+08:00" level=info msg="Database migration completed!"
time="2025-10-18T15:36:56+08:00" level=info msg="Starting Blog Backend Application"
time="2025-10-18T15:36:56+08:00" level=info msg="Database migration completed!"
time="2025-10-18T15:42:53+08:00" level=info msg="Starting Blog Backend Application"
time="2025-10-18T15:42:53+08:00" level=info msg="Database migration completed!"
